<?xml version="1.0" encoding="UTF-8"?>
<!-- Generated by org.testng.reporters.JUnitReportReporter -->
<testsuite hostname="Sakthi" failures="0" tests="1" name="JDBC.JDBCConnection" time="0.837" errors="0" timestamp="2024-04-30T11:35:36 IST" skipped="0">
  <testcase classname="JDBC.JDBCConnection" name="testJDBC" time="0.837"/>
  <system-out/>
</testsuite> <!-- JDBC.JDBCConnection -->
